27-Oct-2022 14:41:26.838 INFORMAZIONI [main] org.apache.openejb.persistence.PersistenceBootstrap.getDefaultProvider Default JPA Provider changed to org.eclipse.persistence.jpa.PersistenceProvider specified by jar:file:/C:/Users/39346/Desktop/apache-tomee-8.0.13-plume/apache-tomee-plume-8.0.13/lib/openejb-core-eclipselink-8.0.13.jar!/META-INF/org.apache.openejb.persistence.PersistenceBootstrap.provider
27-Oct-2022 14:41:26.984 INFORMAZIONI [main] sun.reflect.NativeMethodAccessorImpl.invoke Server version name:   Apache Tomcat/9.0.68
27-Oct-2022 14:41:26.984 INFORMAZIONI [main] sun.reflect.NativeMethodAccessorImpl.invoke Server built:          Oct 3 2022 19:06:10 UTC
27-Oct-2022 14:41:26.984 INFORMAZIONI [main] sun.reflect.NativeMethodAccessorImpl.invoke Server version number: 9.0.68.0
27-Oct-2022 14:41:26.984 INFORMAZIONI [main] sun.reflect.NativeMethodAccessorImpl.invoke OS Name:               Windows 8.1
27-Oct-2022 14:41:26.984 INFORMAZIONI [main] sun.reflect.NativeMethodAccessorImpl.invoke OS Version:            6.3
27-Oct-2022 14:41:26.984 INFORMAZIONI [main] sun.reflect.NativeMethodAccessorImpl.invoke Architecture:          x86
27-Oct-2022 14:41:26.985 INFORMAZIONI [main] sun.reflect.NativeMethodAccessorImpl.invoke Java Home:             C:\Program Files\java\jdk-8\jre
27-Oct-2022 14:41:26.985 INFORMAZIONI [main] sun.reflect.NativeMethodAccessorImpl.invoke JVM Version:           1.8.0_42-b03
27-Oct-2022 14:41:26.985 INFORMAZIONI [main] sun.reflect.NativeMethodAccessorImpl.invoke JVM Vendor:            Oracle Corporation
27-Oct-2022 14:41:26.985 INFORMAZIONI [main] sun.reflect.NativeMethodAccessorImpl.invoke CATALINA_BASE:         C:\Users\39346\Desktop\apache-tomee-8.0.13-plume\apache-tomee-plume-8.0.13
27-Oct-2022 14:41:26.985 INFORMAZIONI [main] sun.reflect.NativeMethodAccessorImpl.invoke CATALINA_HOME:         C:\Users\39346\Desktop\apache-tomee-8.0.13-plume\apache-tomee-plume-8.0.13
27-Oct-2022 14:41:26.985 INFORMAZIONI [main] sun.reflect.NativeMethodAccessorImpl.invoke Command line argument: -Djava.util.logging.config.file=C:\Users\39346\Desktop\apache-tomee-8.0.13-plume\apache-tomee-plume-8.0.13\conf\logging.properties
27-Oct-2022 14:41:26.985 INFORMAZIONI [main] sun.reflect.NativeMethodAccessorImpl.invoke Command line argument: -Djava.util.logging.manager=org.apache.juli.ClassLoaderLogManager
27-Oct-2022 14:41:26.985 INFORMAZIONI [main] sun.reflect.NativeMethodAccessorImpl.invoke Command line argument: -javaagent:C:\Users\39346\Desktop\apache-tomee-8.0.13-plume\apache-tomee-plume-8.0.13\lib\openejb-javaagent.jar
27-Oct-2022 14:41:26.985 INFORMAZIONI [main] sun.reflect.NativeMethodAccessorImpl.invoke Command line argument: -Djdk.tls.ephemeralDHKeySize=2048
27-Oct-2022 14:41:26.985 INFORMAZIONI [main] sun.reflect.NativeMethodAccessorImpl.invoke Command line argument: -Djava.protocol.handler.pkgs=org.apache.catalina.webresources
27-Oct-2022 14:41:26.985 INFORMAZIONI [main] sun.reflect.DelegatingMethodAccessorImpl.invoke Command line argument: -Dignore.endorsed.dirs=
27-Oct-2022 14:41:26.985 INFORMAZIONI [main] sun.reflect.DelegatingMethodAccessorImpl.invoke Command line argument: -Dcatalina.base=C:\Users\39346\Desktop\apache-tomee-8.0.13-plume\apache-tomee-plume-8.0.13
27-Oct-2022 14:41:26.985 INFORMAZIONI [main] sun.reflect.DelegatingMethodAccessorImpl.invoke Command line argument: -Dcatalina.home=C:\Users\39346\Desktop\apache-tomee-8.0.13-plume\apache-tomee-plume-8.0.13
27-Oct-2022 14:41:26.985 INFORMAZIONI [main] sun.reflect.DelegatingMethodAccessorImpl.invoke Command line argument: -Djava.io.tmpdir=C:\Users\39346\Desktop\apache-tomee-8.0.13-plume\apache-tomee-plume-8.0.13\temp
27-Oct-2022 14:41:26.988 INFORMAZIONI [main] sun.reflect.DelegatingMethodAccessorImpl.invoke The Apache Tomcat Native library which allows using OpenSSL was not found on the java.library.path: [C:\Program Files\java\jdk-8\bin;C:\Windows\Sun\Java\bin;C:\Windows\system32;C:\Windows;C:\Windows\system32;C:\Windows;C:\Windows\System32\Wbem;C:\Windows\System32\WindowsPowerShell\v1.0\;C:\Windows\System32\OpenSSH\;C:\Program Files (x86)\NVIDIA Corporation\PhysX\Common;C:\Program Files\NVIDIA Corporation\NVIDIA NvDLISR;C:\Program Files\Git\cmd;C:\Program Files\java\jdk-8\bin;C:\Users\39346\AppData\Local\Microsoft\WindowsApps;.]
27-Oct-2022 14:41:27.688 INFORMAZIONI [main] sun.reflect.DelegatingMethodAccessorImpl.invoke Initializing ProtocolHandler ["http-nio-8080"]
27-Oct-2022 14:41:27.745 GRAVE [main] org.apache.tomee.catalina.TomcatThreadContextListener.<init> Expected ContextBinding to have the method getThreadName()
27-Oct-2022 14:41:27.974 INFORMAZIONI [main] org.apache.openejb.util.OptionsLog.info Using 'openejb.jdbc.datasource-creator=org.apache.tomee.jdbc.TomEEDataSourceCreator'
27-Oct-2022 14:41:28.034 INFORMAZIONI [main] org.apache.openejb.OpenEJB$Instance.<init> ********************************************************************************
27-Oct-2022 14:41:28.035 INFORMAZIONI [main] org.apache.openejb.OpenEJB$Instance.<init> OpenEJB http://tomee.apache.org/
27-Oct-2022 14:41:28.035 INFORMAZIONI [main] org.apache.openejb.OpenEJB$Instance.<init> Startup: Thu Oct 27 14:41:28 GMT+01:00 2022
27-Oct-2022 14:41:28.035 INFORMAZIONI [main] org.apache.openejb.OpenEJB$Instance.<init> Copyright 1999-2021 (C) Apache TomEE Project, All Rights Reserved.
27-Oct-2022 14:41:28.035 INFORMAZIONI [main] org.apache.openejb.OpenEJB$Instance.<init> Version: 8.0.13
27-Oct-2022 14:41:28.035 INFORMAZIONI [main] org.apache.openejb.OpenEJB$Instance.<init> Build date: 20221011
27-Oct-2022 14:41:28.035 INFORMAZIONI [main] org.apache.openejb.OpenEJB$Instance.<init> Build time: 01:09
27-Oct-2022 14:41:28.035 INFORMAZIONI [main] org.apache.openejb.OpenEJB$Instance.<init> ********************************************************************************
27-Oct-2022 14:41:28.035 INFORMAZIONI [main] org.apache.openejb.OpenEJB$Instance.<init> openejb.home = C:\Users\39346\Desktop\apache-tomee-8.0.13-plume\apache-tomee-plume-8.0.13
27-Oct-2022 14:41:28.035 INFORMAZIONI [main] org.apache.openejb.OpenEJB$Instance.<init> openejb.base = C:\Users\39346\Desktop\apache-tomee-8.0.13-plume\apache-tomee-plume-8.0.13
27-Oct-2022 14:41:28.036 INFORMAZIONI [main] org.apache.openejb.cdi.CdiBuilder.initializeOWB Created new singletonService org.apache.openejb.cdi.ThreadSingletonServiceImpl@ba2b86
27-Oct-2022 14:41:28.038 INFORMAZIONI [main] org.apache.openejb.cdi.CdiBuilder.initializeOWB Succeeded in installing singleton service
27-Oct-2022 14:41:28.077 INFORMAZIONI [main] org.apache.openejb.config.ConfigurationFactory.init TomEE configuration file is 'C:\Users\39346\Desktop\apache-tomee-8.0.13-plume\apache-tomee-plume-8.0.13\conf\tomee.xml'
27-Oct-2022 14:41:28.102 INFORMAZIONI [main] org.apache.openejb.config.ConfigurationFactory.configureService Configuring Service(id=Tomcat Security Service, type=SecurityService, provider-id=Tomcat Security Service)
27-Oct-2022 14:41:28.103 INFORMAZIONI [main] org.apache.openejb.config.ConfigurationFactory.configureService Configuring Service(id=Default Transaction Manager, type=TransactionManager, provider-id=Default Transaction Manager)
27-Oct-2022 14:41:28.106 INFORMAZIONI [main] org.apache.openejb.util.OptionsLog.info Using 'openejb.deployments.classpath=false'
27-Oct-2022 14:41:28.123 INFORMAZIONI [main] org.apache.openejb.assembler.classic.Assembler.createRecipe Creating TransactionManager(id=Default Transaction Manager)
27-Oct-2022 14:41:28.170 INFORMAZIONI [main] org.apache.openejb.assembler.classic.Assembler.createRecipe Creating SecurityService(id=Tomcat Security Service)
27-Oct-2022 14:41:28.270 INFORMAZIONI [main] org.apache.openejb.server.ServiceManager.initServer Creating ServerService(id=cxf)
27-Oct-2022 14:41:28.383 INFORMAZIONI [main] org.apache.openejb.server.ServiceManager.initServer Creating ServerService(id=cxf-rs)
27-Oct-2022 14:41:28.402 INFORMAZIONI [main] org.apache.openejb.server.SimpleServiceManager.start   ** Bound Services **
27-Oct-2022 14:41:28.403 INFORMAZIONI [main] org.apache.openejb.server.SimpleServiceManager.printRow   NAME                 IP              PORT  
27-Oct-2022 14:41:28.403 INFORMAZIONI [main] org.apache.openejb.server.SimpleServiceManager.start -------
27-Oct-2022 14:41:28.403 INFORMAZIONI [main] org.apache.openejb.server.SimpleServiceManager.start Ready!
27-Oct-2022 14:41:28.403 INFORMAZIONI [main] sun.reflect.DelegatingMethodAccessorImpl.invoke Server initialization in [1549] milliseconds
27-Oct-2022 14:41:28.421 INFORMAZIONI [main] org.apache.tomee.catalina.OpenEJBNamingContextListener.bindResource Importing a Tomcat Resource with id 'UserDatabase' of type 'org.apache.catalina.UserDatabase'.
27-Oct-2022 14:41:28.421 INFORMAZIONI [main] org.apache.openejb.assembler.classic.Assembler.createRecipe Creating Resource(id=UserDatabase)
27-Oct-2022 14:41:28.437 INFORMAZIONI [main] sun.reflect.DelegatingMethodAccessorImpl.invoke Starting service [Catalina]
27-Oct-2022 14:41:28.437 INFORMAZIONI [main] sun.reflect.DelegatingMethodAccessorImpl.invoke Starting Servlet engine: [Apache Tomcat/9.0.68]
27-Oct-2022 14:41:28.445 INFORMAZIONI [main] sun.reflect.DelegatingMethodAccessorImpl.invoke Deploying web application directory [C:\Users\39346\Desktop\apache-tomee-8.0.13-plume\apache-tomee-plume-8.0.13\webapps\docs]
27-Oct-2022 14:41:28.451 INFORMAZIONI [main] org.apache.tomee.catalina.TomcatWebAppBuilder.init ------------------------- localhost -> /docs
27-Oct-2022 14:41:28.556 INFORMAZIONI [main] org.apache.openejb.config.ConfigurationFactory.configureApplication Configuring enterprise application: C:\Users\39346\Desktop\apache-tomee-8.0.13-plume\apache-tomee-plume-8.0.13\webapps\docs
27-Oct-2022 14:41:28.585 INFORMAZIONI [main] org.apache.openejb.config.AppInfoBuilder.build Enterprise application "C:\Users\39346\Desktop\apache-tomee-8.0.13-plume\apache-tomee-plume-8.0.13\webapps\docs" loaded.
27-Oct-2022 14:41:28.709 INFORMAZIONI [main] org.apache.openejb.assembler.classic.Assembler.createApplication Assembling app: C:\Users\39346\Desktop\apache-tomee-8.0.13-plume\apache-tomee-plume-8.0.13\webapps\docs
27-Oct-2022 14:41:28.798 AVVERTENZA [main] org.apache.batchee.container.services.ServicesManager.init You didn't specify org.apache.batchee.jmx.application and JMX is already registered, skipping
27-Oct-2022 14:41:28.799 INFORMAZIONI [main] org.apache.openejb.assembler.classic.Assembler.createApplication Deployed Application(path=C:\Users\39346\Desktop\apache-tomee-8.0.13-plume\apache-tomee-plume-8.0.13\webapps\docs)
27-Oct-2022 14:41:28.935 INFORMAZIONI [main] org.apache.jasper.servlet.TldScanner.scanJars At least one JAR was scanned for TLDs yet contained no TLDs. Enable debug logging for this logger for a complete list of JARs that were scanned but no TLDs were found in them. Skipping unneeded JARs during scanning can improve startup time and JSP compilation time.
27-Oct-2022 14:41:29.012 INFORMAZIONI [main] sun.reflect.DelegatingMethodAccessorImpl.invoke Deployment of web application directory [C:\Users\39346\Desktop\apache-tomee-8.0.13-plume\apache-tomee-plume-8.0.13\webapps\docs] has finished in [566] ms
27-Oct-2022 14:41:29.012 INFORMAZIONI [main] sun.reflect.DelegatingMethodAccessorImpl.invoke Deploying web application directory [C:\Users\39346\Desktop\apache-tomee-8.0.13-plume\apache-tomee-plume-8.0.13\webapps\host-manager]
27-Oct-2022 14:41:29.013 INFORMAZIONI [main] org.apache.tomee.catalina.TomcatWebAppBuilder.init ------------------------- localhost -> /host-manager
27-Oct-2022 14:41:29.051 INFORMAZIONI [main] org.apache.openejb.config.ConfigurationFactory.configureApplication Configuring enterprise application: C:\Users\39346\Desktop\apache-tomee-8.0.13-plume\apache-tomee-plume-8.0.13\webapps\host-manager
27-Oct-2022 14:41:29.056 INFORMAZIONI [main] org.apache.openejb.config.AppInfoBuilder.build Enterprise application "C:\Users\39346\Desktop\apache-tomee-8.0.13-plume\apache-tomee-plume-8.0.13\webapps\host-manager" loaded.
27-Oct-2022 14:41:29.057 INFORMAZIONI [main] org.apache.openejb.assembler.classic.Assembler.createApplication Assembling app: C:\Users\39346\Desktop\apache-tomee-8.0.13-plume\apache-tomee-plume-8.0.13\webapps\host-manager
27-Oct-2022 14:41:29.062 INFORMAZIONI [main] org.apache.tomee.catalina.TomcatWebAppBuilder.deployWebApps using context file C:\Users\39346\Desktop\apache-tomee-8.0.13-plume\apache-tomee-plume-8.0.13\webapps\host-manager\META-INF\context.xml
27-Oct-2022 14:41:29.063 AVVERTENZA [main] org.apache.batchee.container.services.ServicesManager.init You didn't specify org.apache.batchee.jmx.application and JMX is already registered, skipping
27-Oct-2022 14:41:29.064 INFORMAZIONI [main] org.apache.openejb.assembler.classic.Assembler.createApplication Deployed Application(path=C:\Users\39346\Desktop\apache-tomee-8.0.13-plume\apache-tomee-plume-8.0.13\webapps\host-manager)
27-Oct-2022 14:41:29.113 INFORMAZIONI [main] org.apache.jasper.servlet.TldScanner.scanJars At least one JAR was scanned for TLDs yet contained no TLDs. Enable debug logging for this logger for a complete list of JARs that were scanned but no TLDs were found in them. Skipping unneeded JARs during scanning can improve startup time and JSP compilation time.
27-Oct-2022 14:41:29.129 INFORMAZIONI [main] sun.reflect.DelegatingMethodAccessorImpl.invoke Deployment of web application directory [C:\Users\39346\Desktop\apache-tomee-8.0.13-plume\apache-tomee-plume-8.0.13\webapps\host-manager] has finished in [117] ms
27-Oct-2022 14:41:29.129 INFORMAZIONI [main] sun.reflect.DelegatingMethodAccessorImpl.invoke Deploying web application directory [C:\Users\39346\Desktop\apache-tomee-8.0.13-plume\apache-tomee-plume-8.0.13\webapps\manager]
27-Oct-2022 14:41:29.130 INFORMAZIONI [main] org.apache.tomee.catalina.TomcatWebAppBuilder.init ------------------------- localhost -> /manager
27-Oct-2022 14:41:29.154 INFORMAZIONI [main] org.apache.openejb.config.ConfigurationFactory.configureApplication Configuring enterprise application: C:\Users\39346\Desktop\apache-tomee-8.0.13-plume\apache-tomee-plume-8.0.13\webapps\manager
27-Oct-2022 14:41:29.160 INFORMAZIONI [main] org.apache.openejb.config.AppInfoBuilder.build Enterprise application "C:\Users\39346\Desktop\apache-tomee-8.0.13-plume\apache-tomee-plume-8.0.13\webapps\manager" loaded.
27-Oct-2022 14:41:29.160 INFORMAZIONI [main] org.apache.openejb.assembler.classic.Assembler.createApplication Assembling app: C:\Users\39346\Desktop\apache-tomee-8.0.13-plume\apache-tomee-plume-8.0.13\webapps\manager
27-Oct-2022 14:41:29.165 INFORMAZIONI [main] org.apache.tomee.catalina.TomcatWebAppBuilder.deployWebApps using context file C:\Users\39346\Desktop\apache-tomee-8.0.13-plume\apache-tomee-plume-8.0.13\webapps\manager\META-INF\context.xml
27-Oct-2022 14:41:29.166 AVVERTENZA [main] org.apache.batchee.container.services.ServicesManager.init You didn't specify org.apache.batchee.jmx.application and JMX is already registered, skipping
27-Oct-2022 14:41:29.166 INFORMAZIONI [main] org.apache.openejb.assembler.classic.Assembler.createApplication Deployed Application(path=C:\Users\39346\Desktop\apache-tomee-8.0.13-plume\apache-tomee-plume-8.0.13\webapps\manager)
27-Oct-2022 14:41:29.207 INFORMAZIONI [main] org.apache.jasper.servlet.TldScanner.scanJars At least one JAR was scanned for TLDs yet contained no TLDs. Enable debug logging for this logger for a complete list of JARs that were scanned but no TLDs were found in them. Skipping unneeded JARs during scanning can improve startup time and JSP compilation time.
27-Oct-2022 14:41:29.218 INFORMAZIONI [main] sun.reflect.DelegatingMethodAccessorImpl.invoke Deployment of web application directory [C:\Users\39346\Desktop\apache-tomee-8.0.13-plume\apache-tomee-plume-8.0.13\webapps\manager] has finished in [89] ms
27-Oct-2022 14:41:29.218 INFORMAZIONI [main] sun.reflect.DelegatingMethodAccessorImpl.invoke Deploying web application directory [C:\Users\39346\Desktop\apache-tomee-8.0.13-plume\apache-tomee-plume-8.0.13\webapps\ROOT]
27-Oct-2022 14:41:29.218 INFORMAZIONI [main] org.apache.tomee.catalina.TomcatWebAppBuilder.init ------------------------- localhost -> /
27-Oct-2022 14:41:29.238 INFORMAZIONI [main] org.apache.openejb.config.ConfigurationFactory.configureApplication Configuring enterprise application: C:\Users\39346\Desktop\apache-tomee-8.0.13-plume\apache-tomee-plume-8.0.13\webapps\ROOT
27-Oct-2022 14:41:29.241 INFORMAZIONI [main] org.apache.openejb.config.AppInfoBuilder.build Enterprise application "C:\Users\39346\Desktop\apache-tomee-8.0.13-plume\apache-tomee-plume-8.0.13\webapps\ROOT" loaded.
27-Oct-2022 14:41:29.241 INFORMAZIONI [main] org.apache.openejb.assembler.classic.Assembler.createApplication Assembling app: C:\Users\39346\Desktop\apache-tomee-8.0.13-plume\apache-tomee-plume-8.0.13\webapps\ROOT
27-Oct-2022 14:41:29.245 AVVERTENZA [main] org.apache.batchee.container.services.ServicesManager.init You didn't specify org.apache.batchee.jmx.application and JMX is already registered, skipping
27-Oct-2022 14:41:29.245 INFORMAZIONI [main] org.apache.openejb.assembler.classic.Assembler.createApplication Deployed Application(path=C:\Users\39346\Desktop\apache-tomee-8.0.13-plume\apache-tomee-plume-8.0.13\webapps\ROOT)
27-Oct-2022 14:41:29.290 INFORMAZIONI [main] org.apache.jasper.servlet.TldScanner.scanJars At least one JAR was scanned for TLDs yet contained no TLDs. Enable debug logging for this logger for a complete list of JARs that were scanned but no TLDs were found in them. Skipping unneeded JARs during scanning can improve startup time and JSP compilation time.
27-Oct-2022 14:41:29.302 INFORMAZIONI [main] sun.reflect.DelegatingMethodAccessorImpl.invoke Deployment of web application directory [C:\Users\39346\Desktop\apache-tomee-8.0.13-plume\apache-tomee-plume-8.0.13\webapps\ROOT] has finished in [84] ms
27-Oct-2022 14:41:29.305 INFORMAZIONI [main] sun.reflect.DelegatingMethodAccessorImpl.invoke Starting ProtocolHandler ["http-nio-8080"]
27-Oct-2022 14:41:29.320 INFORMAZIONI [main] sun.reflect.DelegatingMethodAccessorImpl.invoke Server startup in [917] milliseconds
27-Oct-2022 14:41:40.102 INFORMAZIONI [main] org.apache.openejb.persistence.PersistenceBootstrap.getDefaultProvider Default JPA Provider changed to org.eclipse.persistence.jpa.PersistenceProvider specified by jar:file:/C:/Users/39346/Desktop/apache-tomee-8.0.13-plume/apache-tomee-plume-8.0.13/lib/openejb-core-eclipselink-8.0.13.jar!/META-INF/org.apache.openejb.persistence.PersistenceBootstrap.provider
27-Oct-2022 14:41:42.221 GRAVE [main] sun.reflect.NativeMethodAccessorImpl.invoke Could not contact [localhost:8005] (base port [8005] and offset [0]). Tomcat may not be running.
27-Oct-2022 14:41:42.221 GRAVE [main] sun.reflect.NativeMethodAccessorImpl.invoke Error stopping Catalina
	java.net.ConnectException: Connection refused: connect
		at java.net.DualStackPlainSocketImpl.connect0(Native Method)
		at java.net.DualStackPlainSocketImpl.socketConnect(DualStackPlainSocketImpl.java:79)
		at java.net.AbstractPlainSocketImpl.doConnect(AbstractPlainSocketImpl.java:345)
		at java.net.AbstractPlainSocketImpl.connectToAddress(AbstractPlainSocketImpl.java:206)
		at java.net.AbstractPlainSocketImpl.connect(AbstractPlainSocketImpl.java:188)
		at java.net.PlainSocketImpl.connect(PlainSocketImpl.java:172)
		at java.net.SocksSocketImpl.connect(SocksSocketImpl.java:392)
		at java.net.Socket.connect(Socket.java:589)
		at java.net.Socket.connect(Socket.java:538)
		at java.net.Socket.<init>(Socket.java:434)
		at java.net.Socket.<init>(Socket.java:211)
		at org.apache.catalina.startup.Catalina.stopServer(Catalina.java:667)
		at sun.reflect.NativeMethodAccessorImpl.invoke0(Native Method)
		at sun.reflect.NativeMethodAccessorImpl.invoke(NativeMethodAccessorImpl.java:62)
		at sun.reflect.DelegatingMethodAccessorImpl.invoke(DelegatingMethodAccessorImpl.java:43)
		at java.lang.reflect.Method.invoke(Method.java:497)
		at org.apache.catalina.startup.Bootstrap.stopServer(Bootstrap.java:391)
		at org.apache.catalina.startup.Bootstrap.main(Bootstrap.java:481)
27-Oct-2022 14:42:37.728 INFORMAZIONI [main] org.apache.openejb.persistence.PersistenceBootstrap.getDefaultProvider Default JPA Provider changed to org.eclipse.persistence.jpa.PersistenceProvider specified by jar:file:/C:/Program%20Files/java/apache-tomee-plume-8.0.13/lib/openejb-core-eclipselink-8.0.13.jar!/META-INF/org.apache.openejb.persistence.PersistenceBootstrap.provider
27-Oct-2022 14:42:37.844 INFORMAZIONI [main] sun.reflect.NativeMethodAccessorImpl.invoke Server version name:   Apache Tomcat/9.0.68
27-Oct-2022 14:42:37.844 INFORMAZIONI [main] sun.reflect.NativeMethodAccessorImpl.invoke Server built:          Oct 3 2022 19:06:10 UTC
27-Oct-2022 14:42:37.844 INFORMAZIONI [main] sun.reflect.NativeMethodAccessorImpl.invoke Server version number: 9.0.68.0
27-Oct-2022 14:42:37.844 INFORMAZIONI [main] sun.reflect.NativeMethodAccessorImpl.invoke OS Name:               Windows 8.1
27-Oct-2022 14:42:37.844 INFORMAZIONI [main] sun.reflect.NativeMethodAccessorImpl.invoke OS Version:            6.3
27-Oct-2022 14:42:37.845 INFORMAZIONI [main] sun.reflect.NativeMethodAccessorImpl.invoke Architecture:          x86
27-Oct-2022 14:42:37.845 INFORMAZIONI [main] sun.reflect.NativeMethodAccessorImpl.invoke Java Home:             C:\Program Files\java\jdk-8\jre
27-Oct-2022 14:42:37.845 INFORMAZIONI [main] sun.reflect.NativeMethodAccessorImpl.invoke JVM Version:           1.8.0_42-b03
27-Oct-2022 14:42:37.845 INFORMAZIONI [main] sun.reflect.NativeMethodAccessorImpl.invoke JVM Vendor:            Oracle Corporation
27-Oct-2022 14:42:37.845 INFORMAZIONI [main] sun.reflect.NativeMethodAccessorImpl.invoke CATALINA_BASE:         C:\Program Files\java\apache-tomee-plume-8.0.13
27-Oct-2022 14:42:37.845 INFORMAZIONI [main] sun.reflect.NativeMethodAccessorImpl.invoke CATALINA_HOME:         C:\Program Files\java\apache-tomee-plume-8.0.13
27-Oct-2022 14:42:37.846 INFORMAZIONI [main] sun.reflect.NativeMethodAccessorImpl.invoke Command line argument: -Djava.util.logging.config.file=C:\Program Files\java\apache-tomee-plume-8.0.13\conf\logging.properties
27-Oct-2022 14:42:37.846 INFORMAZIONI [main] sun.reflect.NativeMethodAccessorImpl.invoke Command line argument: -Djava.util.logging.manager=org.apache.juli.ClassLoaderLogManager
27-Oct-2022 14:42:37.846 INFORMAZIONI [main] sun.reflect.NativeMethodAccessorImpl.invoke Command line argument: -javaagent:C:\Program Files\java\apache-tomee-plume-8.0.13\lib\openejb-javaagent.jar
27-Oct-2022 14:42:37.846 INFORMAZIONI [main] sun.reflect.NativeMethodAccessorImpl.invoke Command line argument: -Djdk.tls.ephemeralDHKeySize=2048
27-Oct-2022 14:42:37.846 INFORMAZIONI [main] sun.reflect.NativeMethodAccessorImpl.invoke Command line argument: -Djava.protocol.handler.pkgs=org.apache.catalina.webresources
27-Oct-2022 14:42:37.846 INFORMAZIONI [main] sun.reflect.DelegatingMethodAccessorImpl.invoke Command line argument: -Dignore.endorsed.dirs=
27-Oct-2022 14:42:37.846 INFORMAZIONI [main] sun.reflect.DelegatingMethodAccessorImpl.invoke Command line argument: -Dcatalina.base=C:\Program Files\java\apache-tomee-plume-8.0.13
27-Oct-2022 14:42:37.846 INFORMAZIONI [main] sun.reflect.DelegatingMethodAccessorImpl.invoke Command line argument: -Dcatalina.home=C:\Program Files\java\apache-tomee-plume-8.0.13
27-Oct-2022 14:42:37.846 INFORMAZIONI [main] sun.reflect.DelegatingMethodAccessorImpl.invoke Command line argument: -Djava.io.tmpdir=C:\Program Files\java\apache-tomee-plume-8.0.13\temp
27-Oct-2022 14:42:37.848 INFORMAZIONI [main] sun.reflect.DelegatingMethodAccessorImpl.invoke The Apache Tomcat Native library which allows using OpenSSL was not found on the java.library.path: [C:\Program Files\java\jdk-8\bin;C:\Windows\Sun\Java\bin;C:\Windows\system32;C:\Windows;C:\Windows\system32;C:\Windows;C:\Windows\System32\Wbem;C:\Windows\System32\WindowsPowerShell\v1.0\;C:\Windows\System32\OpenSSH\;C:\Program Files (x86)\NVIDIA Corporation\PhysX\Common;C:\Program Files\NVIDIA Corporation\NVIDIA NvDLISR;C:\Program Files\Git\cmd;C:\Program Files\java\jdk-8\bin;C:\Users\39346\AppData\Local\Microsoft\WindowsApps;.]
27-Oct-2022 14:42:38.052 INFORMAZIONI [main] sun.reflect.DelegatingMethodAccessorImpl.invoke Initializing ProtocolHandler ["http-nio-8080"]
27-Oct-2022 14:42:38.087 GRAVE [main] org.apache.tomee.catalina.TomcatThreadContextListener.<init> Expected ContextBinding to have the method getThreadName()
27-Oct-2022 14:42:38.316 INFORMAZIONI [main] org.apache.openejb.util.OptionsLog.info Using 'openejb.jdbc.datasource-creator=org.apache.tomee.jdbc.TomEEDataSourceCreator'
27-Oct-2022 14:42:38.378 INFORMAZIONI [main] org.apache.openejb.OpenEJB$Instance.<init> ********************************************************************************
27-Oct-2022 14:42:38.378 INFORMAZIONI [main] org.apache.openejb.OpenEJB$Instance.<init> OpenEJB http://tomee.apache.org/
27-Oct-2022 14:42:38.378 INFORMAZIONI [main] org.apache.openejb.OpenEJB$Instance.<init> Startup: Thu Oct 27 14:42:38 GMT+01:00 2022
27-Oct-2022 14:42:38.378 INFORMAZIONI [main] org.apache.openejb.OpenEJB$Instance.<init> Copyright 1999-2021 (C) Apache TomEE Project, All Rights Reserved.
27-Oct-2022 14:42:38.378 INFORMAZIONI [main] org.apache.openejb.OpenEJB$Instance.<init> Version: 8.0.13
27-Oct-2022 14:42:38.378 INFORMAZIONI [main] org.apache.openejb.OpenEJB$Instance.<init> Build date: 20221011
27-Oct-2022 14:42:38.378 INFORMAZIONI [main] org.apache.openejb.OpenEJB$Instance.<init> Build time: 01:09
27-Oct-2022 14:42:38.378 INFORMAZIONI [main] org.apache.openejb.OpenEJB$Instance.<init> ********************************************************************************
27-Oct-2022 14:42:38.378 INFORMAZIONI [main] org.apache.openejb.OpenEJB$Instance.<init> openejb.home = C:\Program Files\java\apache-tomee-plume-8.0.13
27-Oct-2022 14:42:38.378 INFORMAZIONI [main] org.apache.openejb.OpenEJB$Instance.<init> openejb.base = C:\Program Files\java\apache-tomee-plume-8.0.13
27-Oct-2022 14:42:38.380 INFORMAZIONI [main] org.apache.openejb.cdi.CdiBuilder.initializeOWB Created new singletonService org.apache.openejb.cdi.ThreadSingletonServiceImpl@ba2b86
27-Oct-2022 14:42:38.381 INFORMAZIONI [main] org.apache.openejb.cdi.CdiBuilder.initializeOWB Succeeded in installing singleton service
27-Oct-2022 14:42:38.415 INFORMAZIONI [main] org.apache.openejb.config.ConfigurationFactory.init TomEE configuration file is 'C:\Program Files\java\apache-tomee-plume-8.0.13\conf\tomee.xml'
27-Oct-2022 14:42:38.437 INFORMAZIONI [main] org.apache.openejb.config.ConfigurationFactory.configureService Configuring Service(id=Tomcat Security Service, type=SecurityService, provider-id=Tomcat Security Service)
27-Oct-2022 14:42:38.438 INFORMAZIONI [main] org.apache.openejb.config.ConfigurationFactory.configureService Configuring Service(id=Default Transaction Manager, type=TransactionManager, provider-id=Default Transaction Manager)
27-Oct-2022 14:42:38.439 INFORMAZIONI [main] org.apache.openejb.util.OptionsLog.info Using 'openejb.deployments.classpath=false'
27-Oct-2022 14:42:38.450 INFORMAZIONI [main] org.apache.openejb.assembler.classic.Assembler.createRecipe Creating TransactionManager(id=Default Transaction Manager)
27-Oct-2022 14:42:38.481 INFORMAZIONI [main] org.apache.openejb.assembler.classic.Assembler.createRecipe Creating SecurityService(id=Tomcat Security Service)
27-Oct-2022 14:42:38.525 INFORMAZIONI [main] org.apache.openejb.server.ServiceManager.initServer Creating ServerService(id=cxf)
27-Oct-2022 14:42:38.614 INFORMAZIONI [main] org.apache.openejb.server.ServiceManager.initServer Creating ServerService(id=cxf-rs)
27-Oct-2022 14:42:38.633 INFORMAZIONI [main] org.apache.openejb.server.SimpleServiceManager.start   ** Bound Services **
27-Oct-2022 14:42:38.633 INFORMAZIONI [main] org.apache.openejb.server.SimpleServiceManager.printRow   NAME                 IP              PORT  
27-Oct-2022 14:42:38.633 INFORMAZIONI [main] org.apache.openejb.server.SimpleServiceManager.start -------
27-Oct-2022 14:42:38.633 INFORMAZIONI [main] org.apache.openejb.server.SimpleServiceManager.start Ready!
27-Oct-2022 14:42:38.633 INFORMAZIONI [main] sun.reflect.DelegatingMethodAccessorImpl.invoke Server initialization in [890] milliseconds
27-Oct-2022 14:42:38.650 INFORMAZIONI [main] org.apache.tomee.catalina.OpenEJBNamingContextListener.bindResource Importing a Tomcat Resource with id 'UserDatabase' of type 'org.apache.catalina.UserDatabase'.
27-Oct-2022 14:42:38.650 INFORMAZIONI [main] org.apache.openejb.assembler.classic.Assembler.createRecipe Creating Resource(id=UserDatabase)
27-Oct-2022 14:42:38.662 INFORMAZIONI [main] sun.reflect.DelegatingMethodAccessorImpl.invoke Starting service [Catalina]
27-Oct-2022 14:42:38.662 INFORMAZIONI [main] sun.reflect.DelegatingMethodAccessorImpl.invoke Starting Servlet engine: [Apache Tomcat/9.0.68]
27-Oct-2022 14:42:38.670 INFORMAZIONI [main] sun.reflect.DelegatingMethodAccessorImpl.invoke Deploying web application directory [C:\Program Files\java\apache-tomee-plume-8.0.13\webapps\docs]
27-Oct-2022 14:42:38.677 INFORMAZIONI [main] org.apache.tomee.catalina.TomcatWebAppBuilder.init ------------------------- localhost -> /docs
27-Oct-2022 14:42:38.796 INFORMAZIONI [main] org.apache.openejb.config.ConfigurationFactory.configureApplication Configuring enterprise application: C:\Program Files\java\apache-tomee-plume-8.0.13\webapps\docs
27-Oct-2022 14:42:38.829 INFORMAZIONI [main] org.apache.openejb.config.AppInfoBuilder.build Enterprise application "C:\Program Files\java\apache-tomee-plume-8.0.13\webapps\docs" loaded.
27-Oct-2022 14:42:38.929 INFORMAZIONI [main] org.apache.openejb.assembler.classic.Assembler.createApplication Assembling app: C:\Program Files\java\apache-tomee-plume-8.0.13\webapps\docs
27-Oct-2022 14:42:39.003 AVVERTENZA [main] org.apache.batchee.container.services.ServicesManager.init You didn't specify org.apache.batchee.jmx.application and JMX is already registered, skipping
27-Oct-2022 14:42:39.006 INFORMAZIONI [main] org.apache.openejb.assembler.classic.Assembler.createApplication Deployed Application(path=C:\Program Files\java\apache-tomee-plume-8.0.13\webapps\docs)
27-Oct-2022 14:42:39.132 INFORMAZIONI [main] org.apache.jasper.servlet.TldScanner.scanJars At least one JAR was scanned for TLDs yet contained no TLDs. Enable debug logging for this logger for a complete list of JARs that were scanned but no TLDs were found in them. Skipping unneeded JARs during scanning can improve startup time and JSP compilation time.
27-Oct-2022 14:42:39.201 INFORMAZIONI [main] sun.reflect.DelegatingMethodAccessorImpl.invoke Deployment of web application directory [C:\Program Files\java\apache-tomee-plume-8.0.13\webapps\docs] has finished in [531] ms
27-Oct-2022 14:42:39.201 INFORMAZIONI [main] sun.reflect.DelegatingMethodAccessorImpl.invoke Deploying web application directory [C:\Program Files\java\apache-tomee-plume-8.0.13\webapps\host-manager]
27-Oct-2022 14:42:39.202 INFORMAZIONI [main] org.apache.tomee.catalina.TomcatWebAppBuilder.init ------------------------- localhost -> /host-manager
27-Oct-2022 14:42:39.233 INFORMAZIONI [main] org.apache.openejb.config.ConfigurationFactory.configureApplication Configuring enterprise application: C:\Program Files\java\apache-tomee-plume-8.0.13\webapps\host-manager
27-Oct-2022 14:42:39.237 INFORMAZIONI [main] org.apache.openejb.config.AppInfoBuilder.build Enterprise application "C:\Program Files\java\apache-tomee-plume-8.0.13\webapps\host-manager" loaded.
27-Oct-2022 14:42:39.237 INFORMAZIONI [main] org.apache.openejb.assembler.classic.Assembler.createApplication Assembling app: C:\Program Files\java\apache-tomee-plume-8.0.13\webapps\host-manager
27-Oct-2022 14:42:39.242 INFORMAZIONI [main] org.apache.tomee.catalina.TomcatWebAppBuilder.deployWebApps using context file C:\Program Files\java\apache-tomee-plume-8.0.13\webapps\host-manager\META-INF\context.xml
27-Oct-2022 14:42:39.243 AVVERTENZA [main] org.apache.batchee.container.services.ServicesManager.init You didn't specify org.apache.batchee.jmx.application and JMX is already registered, skipping
27-Oct-2022 14:42:39.243 INFORMAZIONI [main] org.apache.openejb.assembler.classic.Assembler.createApplication Deployed Application(path=C:\Program Files\java\apache-tomee-plume-8.0.13\webapps\host-manager)
27-Oct-2022 14:42:39.289 INFORMAZIONI [main] org.apache.jasper.servlet.TldScanner.scanJars At least one JAR was scanned for TLDs yet contained no TLDs. Enable debug logging for this logger for a complete list of JARs that were scanned but no TLDs were found in them. Skipping unneeded JARs during scanning can improve startup time and JSP compilation time.
27-Oct-2022 14:42:39.306 INFORMAZIONI [main] sun.reflect.DelegatingMethodAccessorImpl.invoke Deployment of web application directory [C:\Program Files\java\apache-tomee-plume-8.0.13\webapps\host-manager] has finished in [105] ms
27-Oct-2022 14:42:39.306 INFORMAZIONI [main] sun.reflect.DelegatingMethodAccessorImpl.invoke Deploying web application directory [C:\Program Files\java\apache-tomee-plume-8.0.13\webapps\manager]
27-Oct-2022 14:42:39.307 INFORMAZIONI [main] org.apache.tomee.catalina.TomcatWebAppBuilder.init ------------------------- localhost -> /manager
27-Oct-2022 14:42:39.335 INFORMAZIONI [main] org.apache.openejb.config.ConfigurationFactory.configureApplication Configuring enterprise application: C:\Program Files\java\apache-tomee-plume-8.0.13\webapps\manager
27-Oct-2022 14:42:39.341 INFORMAZIONI [main] org.apache.openejb.config.AppInfoBuilder.build Enterprise application "C:\Program Files\java\apache-tomee-plume-8.0.13\webapps\manager" loaded.
27-Oct-2022 14:42:39.341 INFORMAZIONI [main] org.apache.openejb.assembler.classic.Assembler.createApplication Assembling app: C:\Program Files\java\apache-tomee-plume-8.0.13\webapps\manager
27-Oct-2022 14:42:39.350 INFORMAZIONI [main] org.apache.tomee.catalina.TomcatWebAppBuilder.deployWebApps using context file C:\Program Files\java\apache-tomee-plume-8.0.13\webapps\manager\META-INF\context.xml
27-Oct-2022 14:42:39.351 AVVERTENZA [main] org.apache.batchee.container.services.ServicesManager.init You didn't specify org.apache.batchee.jmx.application and JMX is already registered, skipping
27-Oct-2022 14:42:39.351 INFORMAZIONI [main] org.apache.openejb.assembler.classic.Assembler.createApplication Deployed Application(path=C:\Program Files\java\apache-tomee-plume-8.0.13\webapps\manager)
27-Oct-2022 14:42:39.404 INFORMAZIONI [main] org.apache.jasper.servlet.TldScanner.scanJars At least one JAR was scanned for TLDs yet contained no TLDs. Enable debug logging for this logger for a complete list of JARs that were scanned but no TLDs were found in them. Skipping unneeded JARs during scanning can improve startup time and JSP compilation time.
27-Oct-2022 14:42:39.421 INFORMAZIONI [main] sun.reflect.DelegatingMethodAccessorImpl.invoke Deployment of web application directory [C:\Program Files\java\apache-tomee-plume-8.0.13\webapps\manager] has finished in [115] ms
27-Oct-2022 14:42:39.421 INFORMAZIONI [main] sun.reflect.DelegatingMethodAccessorImpl.invoke Deploying web application directory [C:\Program Files\java\apache-tomee-plume-8.0.13\webapps\ROOT]
27-Oct-2022 14:42:39.421 INFORMAZIONI [main] org.apache.tomee.catalina.TomcatWebAppBuilder.init ------------------------- localhost -> /
27-Oct-2022 14:42:39.471 INFORMAZIONI [main] org.apache.openejb.config.ConfigurationFactory.configureApplication Configuring enterprise application: C:\Program Files\java\apache-tomee-plume-8.0.13\webapps\ROOT
27-Oct-2022 14:42:39.475 INFORMAZIONI [main] org.apache.openejb.config.AppInfoBuilder.build Enterprise application "C:\Program Files\java\apache-tomee-plume-8.0.13\webapps\ROOT" loaded.
27-Oct-2022 14:42:39.475 INFORMAZIONI [main] org.apache.openejb.assembler.classic.Assembler.createApplication Assembling app: C:\Program Files\java\apache-tomee-plume-8.0.13\webapps\ROOT
27-Oct-2022 14:42:39.485 AVVERTENZA [main] org.apache.batchee.container.services.ServicesManager.init You didn't specify org.apache.batchee.jmx.application and JMX is already registered, skipping
27-Oct-2022 14:42:39.485 INFORMAZIONI [main] org.apache.openejb.assembler.classic.Assembler.createApplication Deployed Application(path=C:\Program Files\java\apache-tomee-plume-8.0.13\webapps\ROOT)
27-Oct-2022 14:42:39.537 INFORMAZIONI [main] org.apache.jasper.servlet.TldScanner.scanJars At least one JAR was scanned for TLDs yet contained no TLDs. Enable debug logging for this logger for a complete list of JARs that were scanned but no TLDs were found in them. Skipping unneeded JARs during scanning can improve startup time and JSP compilation time.
27-Oct-2022 14:42:39.550 INFORMAZIONI [main] sun.reflect.DelegatingMethodAccessorImpl.invoke Deployment of web application directory [C:\Program Files\java\apache-tomee-plume-8.0.13\webapps\ROOT] has finished in [129] ms
27-Oct-2022 14:42:39.553 INFORMAZIONI [main] sun.reflect.DelegatingMethodAccessorImpl.invoke Starting ProtocolHandler ["http-nio-8080"]
27-Oct-2022 14:42:39.566 INFORMAZIONI [main] sun.reflect.DelegatingMethodAccessorImpl.invoke Server startup in [932] milliseconds
27-Oct-2022 14:44:19.309 INFORMAZIONI [main] org.apache.openejb.persistence.PersistenceBootstrap.getDefaultProvider Default JPA Provider changed to org.eclipse.persistence.jpa.PersistenceProvider specified by jar:file:/C:/Program%20Files/java/apache-tomee-plume-8.0.13/lib/openejb-core-eclipselink-8.0.13.jar!/META-INF/org.apache.openejb.persistence.PersistenceBootstrap.provider
27-Oct-2022 14:44:19.443 INFORMAZIONI [main] sun.reflect.NativeMethodAccessorImpl.invoke Server version name:   Apache Tomcat/9.0.68
27-Oct-2022 14:44:19.443 INFORMAZIONI [main] sun.reflect.NativeMethodAccessorImpl.invoke Server built:          Oct 3 2022 19:06:10 UTC
27-Oct-2022 14:44:19.443 INFORMAZIONI [main] sun.reflect.NativeMethodAccessorImpl.invoke Server version number: 9.0.68.0
27-Oct-2022 14:44:19.443 INFORMAZIONI [main] sun.reflect.NativeMethodAccessorImpl.invoke OS Name:               Windows 8.1
27-Oct-2022 14:44:19.443 INFORMAZIONI [main] sun.reflect.NativeMethodAccessorImpl.invoke OS Version:            6.3
27-Oct-2022 14:44:19.443 INFORMAZIONI [main] sun.reflect.NativeMethodAccessorImpl.invoke Architecture:          x86
27-Oct-2022 14:44:19.443 INFORMAZIONI [main] sun.reflect.NativeMethodAccessorImpl.invoke Java Home:             C:\Program Files\java\jdk-8\jre
27-Oct-2022 14:44:19.443 INFORMAZIONI [main] sun.reflect.NativeMethodAccessorImpl.invoke JVM Version:           1.8.0_42-b03
27-Oct-2022 14:44:19.443 INFORMAZIONI [main] sun.reflect.NativeMethodAccessorImpl.invoke JVM Vendor:            Oracle Corporation
27-Oct-2022 14:44:19.443 INFORMAZIONI [main] sun.reflect.NativeMethodAccessorImpl.invoke CATALINA_BASE:         C:\Program Files\java\apache-tomee-plume-8.0.13
27-Oct-2022 14:44:19.443 INFORMAZIONI [main] sun.reflect.NativeMethodAccessorImpl.invoke CATALINA_HOME:         C:\Program Files\java\apache-tomee-plume-8.0.13
27-Oct-2022 14:44:19.443 INFORMAZIONI [main] sun.reflect.NativeMethodAccessorImpl.invoke Command line argument: -Djava.util.logging.config.file=C:\Program Files\java\apache-tomee-plume-8.0.13\conf\logging.properties
27-Oct-2022 14:44:19.443 INFORMAZIONI [main] sun.reflect.NativeMethodAccessorImpl.invoke Command line argument: -Djava.util.logging.manager=org.apache.juli.ClassLoaderLogManager
27-Oct-2022 14:44:19.443 INFORMAZIONI [main] sun.reflect.NativeMethodAccessorImpl.invoke Command line argument: -javaagent:C:\Program Files\java\apache-tomee-plume-8.0.13\lib\openejb-javaagent.jar
27-Oct-2022 14:44:19.443 INFORMAZIONI [main] sun.reflect.NativeMethodAccessorImpl.invoke Command line argument: -Djdk.tls.ephemeralDHKeySize=2048
27-Oct-2022 14:44:19.443 INFORMAZIONI [main] sun.reflect.NativeMethodAccessorImpl.invoke Command line argument: -Djava.protocol.handler.pkgs=org.apache.catalina.webresources
27-Oct-2022 14:44:19.443 INFORMAZIONI [main] sun.reflect.DelegatingMethodAccessorImpl.invoke Command line argument: -Dignore.endorsed.dirs=
27-Oct-2022 14:44:19.444 INFORMAZIONI [main] sun.reflect.DelegatingMethodAccessorImpl.invoke Command line argument: -Dcatalina.base=C:\Program Files\java\apache-tomee-plume-8.0.13
27-Oct-2022 14:44:19.444 INFORMAZIONI [main] sun.reflect.DelegatingMethodAccessorImpl.invoke Command line argument: -Dcatalina.home=C:\Program Files\java\apache-tomee-plume-8.0.13
27-Oct-2022 14:44:19.444 INFORMAZIONI [main] sun.reflect.DelegatingMethodAccessorImpl.invoke Command line argument: -Djava.io.tmpdir=C:\Program Files\java\apache-tomee-plume-8.0.13\temp
27-Oct-2022 14:44:19.446 INFORMAZIONI [main] sun.reflect.DelegatingMethodAccessorImpl.invoke The Apache Tomcat Native library which allows using OpenSSL was not found on the java.library.path: [C:\Program Files\java\jdk-8\bin;C:\Windows\Sun\Java\bin;C:\Windows\system32;C:\Windows;C:\Windows\system32;C:\Windows;C:\Windows\System32\Wbem;C:\Windows\System32\WindowsPowerShell\v1.0\;C:\Windows\System32\OpenSSH\;C:\Program Files (x86)\NVIDIA Corporation\PhysX\Common;C:\Program Files\NVIDIA Corporation\NVIDIA NvDLISR;C:\Program Files\Git\cmd;C:\Program Files\java\jdk-8\bin;C:\Users\39346\AppData\Local\Microsoft\WindowsApps;.]
27-Oct-2022 14:44:19.627 INFORMAZIONI [main] sun.reflect.DelegatingMethodAccessorImpl.invoke Initializing ProtocolHandler ["http-nio-8080"]
27-Oct-2022 14:44:19.659 GRAVE [main] org.apache.tomee.catalina.TomcatThreadContextListener.<init> Expected ContextBinding to have the method getThreadName()
27-Oct-2022 14:44:19.842 INFORMAZIONI [main] org.apache.openejb.util.OptionsLog.info Using 'openejb.jdbc.datasource-creator=org.apache.tomee.jdbc.TomEEDataSourceCreator'
27-Oct-2022 14:44:19.899 INFORMAZIONI [main] org.apache.openejb.OpenEJB$Instance.<init> ********************************************************************************
27-Oct-2022 14:44:19.899 INFORMAZIONI [main] org.apache.openejb.OpenEJB$Instance.<init> OpenEJB http://tomee.apache.org/
27-Oct-2022 14:44:19.899 INFORMAZIONI [main] org.apache.openejb.OpenEJB$Instance.<init> Startup: Thu Oct 27 14:44:19 GMT+01:00 2022
27-Oct-2022 14:44:19.899 INFORMAZIONI [main] org.apache.openejb.OpenEJB$Instance.<init> Copyright 1999-2021 (C) Apache TomEE Project, All Rights Reserved.
27-Oct-2022 14:44:19.899 INFORMAZIONI [main] org.apache.openejb.OpenEJB$Instance.<init> Version: 8.0.13
27-Oct-2022 14:44:19.899 INFORMAZIONI [main] org.apache.openejb.OpenEJB$Instance.<init> Build date: 20221011
27-Oct-2022 14:44:19.899 INFORMAZIONI [main] org.apache.openejb.OpenEJB$Instance.<init> Build time: 01:09
27-Oct-2022 14:44:19.899 INFORMAZIONI [main] org.apache.openejb.OpenEJB$Instance.<init> ********************************************************************************
27-Oct-2022 14:44:19.899 INFORMAZIONI [main] org.apache.openejb.OpenEJB$Instance.<init> openejb.home = C:\Program Files\java\apache-tomee-plume-8.0.13
27-Oct-2022 14:44:19.899 INFORMAZIONI [main] org.apache.openejb.OpenEJB$Instance.<init> openejb.base = C:\Program Files\java\apache-tomee-plume-8.0.13
27-Oct-2022 14:44:19.900 INFORMAZIONI [main] org.apache.openejb.cdi.CdiBuilder.initializeOWB Created new singletonService org.apache.openejb.cdi.ThreadSingletonServiceImpl@ba2b86
27-Oct-2022 14:44:19.902 INFORMAZIONI [main] org.apache.openejb.cdi.CdiBuilder.initializeOWB Succeeded in installing singleton service
27-Oct-2022 14:44:19.932 INFORMAZIONI [main] org.apache.openejb.config.ConfigurationFactory.init TomEE configuration file is 'C:\Program Files\java\apache-tomee-plume-8.0.13\conf\tomee.xml'
27-Oct-2022 14:44:19.949 INFORMAZIONI [main] org.apache.openejb.config.ConfigurationFactory.configureService Configuring Service(id=Tomcat Security Service, type=SecurityService, provider-id=Tomcat Security Service)
27-Oct-2022 14:44:19.950 INFORMAZIONI [main] org.apache.openejb.config.ConfigurationFactory.configureService Configuring Service(id=Default Transaction Manager, type=TransactionManager, provider-id=Default Transaction Manager)
27-Oct-2022 14:44:19.952 INFORMAZIONI [main] org.apache.openejb.util.OptionsLog.info Using 'openejb.deployments.classpath=false'
27-Oct-2022 14:44:19.963 INFORMAZIONI [main] org.apache.openejb.assembler.classic.Assembler.createRecipe Creating TransactionManager(id=Default Transaction Manager)
27-Oct-2022 14:44:19.988 INFORMAZIONI [main] org.apache.openejb.assembler.classic.Assembler.createRecipe Creating SecurityService(id=Tomcat Security Service)
27-Oct-2022 14:44:20.032 INFORMAZIONI [main] org.apache.openejb.server.ServiceManager.initServer Creating ServerService(id=cxf)
27-Oct-2022 14:44:20.107 INFORMAZIONI [main] org.apache.openejb.server.ServiceManager.initServer Creating ServerService(id=cxf-rs)
27-Oct-2022 14:44:20.123 INFORMAZIONI [main] org.apache.openejb.server.SimpleServiceManager.start   ** Bound Services **
27-Oct-2022 14:44:20.123 INFORMAZIONI [main] org.apache.openejb.server.SimpleServiceManager.printRow   NAME                 IP              PORT  
27-Oct-2022 14:44:20.123 INFORMAZIONI [main] org.apache.openejb.server.SimpleServiceManager.start -------
27-Oct-2022 14:44:20.123 INFORMAZIONI [main] org.apache.openejb.server.SimpleServiceManager.start Ready!
27-Oct-2022 14:44:20.123 INFORMAZIONI [main] sun.reflect.DelegatingMethodAccessorImpl.invoke Server initialization in [797] milliseconds
27-Oct-2022 14:44:20.133 INFORMAZIONI [main] org.apache.tomee.catalina.OpenEJBNamingContextListener.bindResource Importing a Tomcat Resource with id 'UserDatabase' of type 'org.apache.catalina.UserDatabase'.
27-Oct-2022 14:44:20.133 INFORMAZIONI [main] org.apache.openejb.assembler.classic.Assembler.createRecipe Creating Resource(id=UserDatabase)
27-Oct-2022 14:44:20.142 INFORMAZIONI [main] sun.reflect.DelegatingMethodAccessorImpl.invoke Starting service [Catalina]
27-Oct-2022 14:44:20.142 INFORMAZIONI [main] sun.reflect.DelegatingMethodAccessorImpl.invoke Starting Servlet engine: [Apache Tomcat/9.0.68]
27-Oct-2022 14:44:20.148 INFORMAZIONI [main] sun.reflect.DelegatingMethodAccessorImpl.invoke Deploying web application directory [C:\Program Files\java\apache-tomee-plume-8.0.13\webapps\docs]
27-Oct-2022 14:44:20.153 INFORMAZIONI [main] org.apache.tomee.catalina.TomcatWebAppBuilder.init ------------------------- localhost -> /docs
27-Oct-2022 14:44:20.247 INFORMAZIONI [main] org.apache.openejb.config.ConfigurationFactory.configureApplication Configuring enterprise application: C:\Program Files\java\apache-tomee-plume-8.0.13\webapps\docs
27-Oct-2022 14:44:20.274 INFORMAZIONI [main] org.apache.openejb.config.AppInfoBuilder.build Enterprise application "C:\Program Files\java\apache-tomee-plume-8.0.13\webapps\docs" loaded.
27-Oct-2022 14:44:20.387 INFORMAZIONI [main] org.apache.openejb.assembler.classic.Assembler.createApplication Assembling app: C:\Program Files\java\apache-tomee-plume-8.0.13\webapps\docs
27-Oct-2022 14:44:20.457 AVVERTENZA [main] org.apache.batchee.container.services.ServicesManager.init You didn't specify org.apache.batchee.jmx.application and JMX is already registered, skipping
27-Oct-2022 14:44:20.458 INFORMAZIONI [main] org.apache.openejb.assembler.classic.Assembler.createApplication Deployed Application(path=C:\Program Files\java\apache-tomee-plume-8.0.13\webapps\docs)
27-Oct-2022 14:44:20.579 INFORMAZIONI [main] org.apache.jasper.servlet.TldScanner.scanJars At least one JAR was scanned for TLDs yet contained no TLDs. Enable debug logging for this logger for a complete list of JARs that were scanned but no TLDs were found in them. Skipping unneeded JARs during scanning can improve startup time and JSP compilation time.
27-Oct-2022 14:44:20.647 INFORMAZIONI [main] sun.reflect.DelegatingMethodAccessorImpl.invoke Deployment of web application directory [C:\Program Files\java\apache-tomee-plume-8.0.13\webapps\docs] has finished in [499] ms
27-Oct-2022 14:44:20.647 INFORMAZIONI [main] sun.reflect.DelegatingMethodAccessorImpl.invoke Deploying web application directory [C:\Program Files\java\apache-tomee-plume-8.0.13\webapps\host-manager]
27-Oct-2022 14:44:20.648 INFORMAZIONI [main] org.apache.tomee.catalina.TomcatWebAppBuilder.init ------------------------- localhost -> /host-manager
27-Oct-2022 14:44:20.680 INFORMAZIONI [main] org.apache.openejb.config.ConfigurationFactory.configureApplication Configuring enterprise application: C:\Program Files\java\apache-tomee-plume-8.0.13\webapps\host-manager
27-Oct-2022 14:44:20.684 INFORMAZIONI [main] org.apache.openejb.config.AppInfoBuilder.build Enterprise application "C:\Program Files\java\apache-tomee-plume-8.0.13\webapps\host-manager" loaded.
27-Oct-2022 14:44:20.685 INFORMAZIONI [main] org.apache.openejb.assembler.classic.Assembler.createApplication Assembling app: C:\Program Files\java\apache-tomee-plume-8.0.13\webapps\host-manager
27-Oct-2022 14:44:20.689 INFORMAZIONI [main] org.apache.tomee.catalina.TomcatWebAppBuilder.deployWebApps using context file C:\Program Files\java\apache-tomee-plume-8.0.13\webapps\host-manager\META-INF\context.xml
27-Oct-2022 14:44:20.690 AVVERTENZA [main] org.apache.batchee.container.services.ServicesManager.init You didn't specify org.apache.batchee.jmx.application and JMX is already registered, skipping
27-Oct-2022 14:44:20.690 INFORMAZIONI [main] org.apache.openejb.assembler.classic.Assembler.createApplication Deployed Application(path=C:\Program Files\java\apache-tomee-plume-8.0.13\webapps\host-manager)
27-Oct-2022 14:44:20.736 INFORMAZIONI [main] org.apache.jasper.servlet.TldScanner.scanJars At least one JAR was scanned for TLDs yet contained no TLDs. Enable debug logging for this logger for a complete list of JARs that were scanned but no TLDs were found in them. Skipping unneeded JARs during scanning can improve startup time and JSP compilation time.
27-Oct-2022 14:44:20.749 INFORMAZIONI [main] sun.reflect.DelegatingMethodAccessorImpl.invoke Deployment of web application directory [C:\Program Files\java\apache-tomee-plume-8.0.13\webapps\host-manager] has finished in [102] ms
27-Oct-2022 14:44:20.749 INFORMAZIONI [main] sun.reflect.DelegatingMethodAccessorImpl.invoke Deploying web application directory [C:\Program Files\java\apache-tomee-plume-8.0.13\webapps\manager]
27-Oct-2022 14:44:20.750 INFORMAZIONI [main] org.apache.tomee.catalina.TomcatWebAppBuilder.init ------------------------- localhost -> /manager
27-Oct-2022 14:44:20.771 INFORMAZIONI [main] org.apache.openejb.config.ConfigurationFactory.configureApplication Configuring enterprise application: C:\Program Files\java\apache-tomee-plume-8.0.13\webapps\manager
27-Oct-2022 14:44:20.778 INFORMAZIONI [main] org.apache.openejb.config.AppInfoBuilder.build Enterprise application "C:\Program Files\java\apache-tomee-plume-8.0.13\webapps\manager" loaded.
27-Oct-2022 14:44:20.778 INFORMAZIONI [main] org.apache.openejb.assembler.classic.Assembler.createApplication Assembling app: C:\Program Files\java\apache-tomee-plume-8.0.13\webapps\manager
27-Oct-2022 14:44:20.784 INFORMAZIONI [main] org.apache.tomee.catalina.TomcatWebAppBuilder.deployWebApps using context file C:\Program Files\java\apache-tomee-plume-8.0.13\webapps\manager\META-INF\context.xml
27-Oct-2022 14:44:20.784 AVVERTENZA [main] org.apache.batchee.container.services.ServicesManager.init You didn't specify org.apache.batchee.jmx.application and JMX is already registered, skipping
27-Oct-2022 14:44:20.784 INFORMAZIONI [main] org.apache.openejb.assembler.classic.Assembler.createApplication Deployed Application(path=C:\Program Files\java\apache-tomee-plume-8.0.13\webapps\manager)
27-Oct-2022 14:44:20.824 INFORMAZIONI [main] org.apache.jasper.servlet.TldScanner.scanJars At least one JAR was scanned for TLDs yet contained no TLDs. Enable debug logging for this logger for a complete list of JARs that were scanned but no TLDs were found in them. Skipping unneeded JARs during scanning can improve startup time and JSP compilation time.
27-Oct-2022 14:44:20.832 INFORMAZIONI [main] sun.reflect.DelegatingMethodAccessorImpl.invoke Deployment of web application directory [C:\Program Files\java\apache-tomee-plume-8.0.13\webapps\manager] has finished in [83] ms
27-Oct-2022 14:44:20.832 INFORMAZIONI [main] sun.reflect.DelegatingMethodAccessorImpl.invoke Deploying web application directory [C:\Program Files\java\apache-tomee-plume-8.0.13\webapps\ROOT]
27-Oct-2022 14:44:20.832 INFORMAZIONI [main] org.apache.tomee.catalina.TomcatWebAppBuilder.init ------------------------- localhost -> /
27-Oct-2022 14:44:20.855 INFORMAZIONI [main] org.apache.openejb.config.ConfigurationFactory.configureApplication Configuring enterprise application: C:\Program Files\java\apache-tomee-plume-8.0.13\webapps\ROOT
27-Oct-2022 14:44:20.858 INFORMAZIONI [main] org.apache.openejb.config.AppInfoBuilder.build Enterprise application "C:\Program Files\java\apache-tomee-plume-8.0.13\webapps\ROOT" loaded.
27-Oct-2022 14:44:20.858 INFORMAZIONI [main] org.apache.openejb.assembler.classic.Assembler.createApplication Assembling app: C:\Program Files\java\apache-tomee-plume-8.0.13\webapps\ROOT
27-Oct-2022 14:44:20.863 AVVERTENZA [main] org.apache.batchee.container.services.ServicesManager.init You didn't specify org.apache.batchee.jmx.application and JMX is already registered, skipping
27-Oct-2022 14:44:20.863 INFORMAZIONI [main] org.apache.openejb.assembler.classic.Assembler.createApplication Deployed Application(path=C:\Program Files\java\apache-tomee-plume-8.0.13\webapps\ROOT)
27-Oct-2022 14:44:20.900 INFORMAZIONI [main] org.apache.jasper.servlet.TldScanner.scanJars At least one JAR was scanned for TLDs yet contained no TLDs. Enable debug logging for this logger for a complete list of JARs that were scanned but no TLDs were found in them. Skipping unneeded JARs during scanning can improve startup time and JSP compilation time.
27-Oct-2022 14:44:20.909 INFORMAZIONI [main] sun.reflect.DelegatingMethodAccessorImpl.invoke Deployment of web application directory [C:\Program Files\java\apache-tomee-plume-8.0.13\webapps\ROOT] has finished in [77] ms
27-Oct-2022 14:44:20.912 INFORMAZIONI [main] sun.reflect.DelegatingMethodAccessorImpl.invoke Starting ProtocolHandler ["http-nio-8080"]
27-Oct-2022 14:44:20.922 INFORMAZIONI [main] sun.reflect.DelegatingMethodAccessorImpl.invoke Server startup in [799] milliseconds
27-Oct-2022 15:56:01.477 INFORMAZIONI [main] org.apache.openejb.persistence.PersistenceBootstrap.getDefaultProvider Default JPA Provider changed to org.eclipse.persistence.jpa.PersistenceProvider specified by jar:file:/C:/Program%20Files/java/apache-tomee-plume-8.0.13/lib/openejb-core-eclipselink-8.0.13.jar!/META-INF/org.apache.openejb.persistence.PersistenceBootstrap.provider
27-Oct-2022 15:56:01.583 INFORMAZIONI [main] sun.reflect.NativeMethodAccessorImpl.invoke Server version name:   Apache Tomcat/9.0.68
27-Oct-2022 15:56:01.583 INFORMAZIONI [main] sun.reflect.NativeMethodAccessorImpl.invoke Server built:          Oct 3 2022 19:06:10 UTC
27-Oct-2022 15:56:01.583 INFORMAZIONI [main] sun.reflect.NativeMethodAccessorImpl.invoke Server version number: 9.0.68.0
27-Oct-2022 15:56:01.583 INFORMAZIONI [main] sun.reflect.NativeMethodAccessorImpl.invoke OS Name:               Windows 8.1
27-Oct-2022 15:56:01.583 INFORMAZIONI [main] sun.reflect.NativeMethodAccessorImpl.invoke OS Version:            6.3
27-Oct-2022 15:56:01.583 INFORMAZIONI [main] sun.reflect.NativeMethodAccessorImpl.invoke Architecture:          x86
27-Oct-2022 15:56:01.583 INFORMAZIONI [main] sun.reflect.NativeMethodAccessorImpl.invoke Java Home:             C:\Program Files\java\jdk-8\jre
27-Oct-2022 15:56:01.583 INFORMAZIONI [main] sun.reflect.NativeMethodAccessorImpl.invoke JVM Version:           1.8.0_42-b03
27-Oct-2022 15:56:01.583 INFORMAZIONI [main] sun.reflect.NativeMethodAccessorImpl.invoke JVM Vendor:            Oracle Corporation
27-Oct-2022 15:56:01.583 INFORMAZIONI [main] sun.reflect.NativeMethodAccessorImpl.invoke CATALINA_BASE:         C:\Program Files\java\apache-tomee-plume-8.0.13
27-Oct-2022 15:56:01.583 INFORMAZIONI [main] sun.reflect.NativeMethodAccessorImpl.invoke CATALINA_HOME:         C:\Program Files\java\apache-tomee-plume-8.0.13
27-Oct-2022 15:56:01.584 INFORMAZIONI [main] sun.reflect.NativeMethodAccessorImpl.invoke Command line argument: -Djava.util.logging.config.file=C:\Program Files\java\apache-tomee-plume-8.0.13\conf\logging.properties
27-Oct-2022 15:56:01.584 INFORMAZIONI [main] sun.reflect.NativeMethodAccessorImpl.invoke Command line argument: -Djava.util.logging.manager=org.apache.juli.ClassLoaderLogManager
27-Oct-2022 15:56:01.584 INFORMAZIONI [main] sun.reflect.NativeMethodAccessorImpl.invoke Command line argument: -javaagent:C:\Program Files\java\apache-tomee-plume-8.0.13\lib\openejb-javaagent.jar
27-Oct-2022 15:56:01.584 INFORMAZIONI [main] sun.reflect.NativeMethodAccessorImpl.invoke Command line argument: -Djdk.tls.ephemeralDHKeySize=2048
27-Oct-2022 15:56:01.584 INFORMAZIONI [main] sun.reflect.NativeMethodAccessorImpl.invoke Command line argument: -Djava.protocol.handler.pkgs=org.apache.catalina.webresources
27-Oct-2022 15:56:01.584 INFORMAZIONI [main] sun.reflect.DelegatingMethodAccessorImpl.invoke Command line argument: -Dignore.endorsed.dirs=
27-Oct-2022 15:56:01.584 INFORMAZIONI [main] sun.reflect.DelegatingMethodAccessorImpl.invoke Command line argument: -Dcatalina.base=C:\Program Files\java\apache-tomee-plume-8.0.13
27-Oct-2022 15:56:01.584 INFORMAZIONI [main] sun.reflect.DelegatingMethodAccessorImpl.invoke Command line argument: -Dcatalina.home=C:\Program Files\java\apache-tomee-plume-8.0.13
27-Oct-2022 15:56:01.584 INFORMAZIONI [main] sun.reflect.DelegatingMethodAccessorImpl.invoke Command line argument: -Djava.io.tmpdir=C:\Program Files\java\apache-tomee-plume-8.0.13\temp
27-Oct-2022 15:56:01.587 INFORMAZIONI [main] sun.reflect.DelegatingMethodAccessorImpl.invoke The Apache Tomcat Native library which allows using OpenSSL was not found on the java.library.path: [C:\Program Files\java\jdk-8\bin;C:\Windows\Sun\Java\bin;C:\Windows\system32;C:\Windows;C:\Windows\system32;C:\Windows;C:\Windows\System32\Wbem;C:\Windows\System32\WindowsPowerShell\v1.0\;C:\Windows\System32\OpenSSH\;C:\Program Files (x86)\NVIDIA Corporation\PhysX\Common;C:\Program Files\NVIDIA Corporation\NVIDIA NvDLISR;C:\Program Files\Git\cmd;C:\Program Files\java\jdk-8\bin;C:\Users\39346\AppData\Local\Microsoft\WindowsApps;.]
27-Oct-2022 15:56:02.144 INFORMAZIONI [main] sun.reflect.DelegatingMethodAccessorImpl.invoke Initializing ProtocolHandler ["http-nio-8080"]
27-Oct-2022 15:56:02.171 GRAVE [main] org.apache.tomee.catalina.TomcatThreadContextListener.<init> Expected ContextBinding to have the method getThreadName()
27-Oct-2022 15:56:02.331 INFORMAZIONI [main] org.apache.openejb.util.OptionsLog.info Using 'openejb.jdbc.datasource-creator=org.apache.tomee.jdbc.TomEEDataSourceCreator'
27-Oct-2022 15:56:02.379 INFORMAZIONI [main] org.apache.openejb.OpenEJB$Instance.<init> ********************************************************************************
27-Oct-2022 15:56:02.379 INFORMAZIONI [main] org.apache.openejb.OpenEJB$Instance.<init> OpenEJB http://tomee.apache.org/
27-Oct-2022 15:56:02.380 INFORMAZIONI [main] org.apache.openejb.OpenEJB$Instance.<init> Startup: Thu Oct 27 15:56:02 GMT+01:00 2022
27-Oct-2022 15:56:02.380 INFORMAZIONI [main] org.apache.openejb.OpenEJB$Instance.<init> Copyright 1999-2021 (C) Apache TomEE Project, All Rights Reserved.
27-Oct-2022 15:56:02.380 INFORMAZIONI [main] org.apache.openejb.OpenEJB$Instance.<init> Version: 8.0.13
27-Oct-2022 15:56:02.380 INFORMAZIONI [main] org.apache.openejb.OpenEJB$Instance.<init> Build date: 20221011
27-Oct-2022 15:56:02.380 INFORMAZIONI [main] org.apache.openejb.OpenEJB$Instance.<init> Build time: 01:09
27-Oct-2022 15:56:02.380 INFORMAZIONI [main] org.apache.openejb.OpenEJB$Instance.<init> ********************************************************************************
27-Oct-2022 15:56:02.380 INFORMAZIONI [main] org.apache.openejb.OpenEJB$Instance.<init> openejb.home = C:\Program Files\java\apache-tomee-plume-8.0.13
27-Oct-2022 15:56:02.380 INFORMAZIONI [main] org.apache.openejb.OpenEJB$Instance.<init> openejb.base = C:\Program Files\java\apache-tomee-plume-8.0.13
27-Oct-2022 15:56:02.381 INFORMAZIONI [main] org.apache.openejb.cdi.CdiBuilder.initializeOWB Created new singletonService org.apache.openejb.cdi.ThreadSingletonServiceImpl@ba2b86
27-Oct-2022 15:56:02.382 INFORMAZIONI [main] org.apache.openejb.cdi.CdiBuilder.initializeOWB Succeeded in installing singleton service
27-Oct-2022 15:56:02.405 INFORMAZIONI [main] org.apache.openejb.config.ConfigurationFactory.init TomEE configuration file is 'C:\Program Files\java\apache-tomee-plume-8.0.13\conf\tomee.xml'
27-Oct-2022 15:56:02.421 INFORMAZIONI [main] org.apache.openejb.config.ConfigurationFactory.configureService Configuring Service(id=Tomcat Security Service, type=SecurityService, provider-id=Tomcat Security Service)
27-Oct-2022 15:56:02.422 INFORMAZIONI [main] org.apache.openejb.config.ConfigurationFactory.configureService Configuring Service(id=Default Transaction Manager, type=TransactionManager, provider-id=Default Transaction Manager)
27-Oct-2022 15:56:02.423 INFORMAZIONI [main] org.apache.openejb.util.OptionsLog.info Using 'openejb.deployments.classpath=false'
27-Oct-2022 15:56:02.432 INFORMAZIONI [main] org.apache.openejb.assembler.classic.Assembler.createRecipe Creating TransactionManager(id=Default Transaction Manager)
27-Oct-2022 15:56:02.456 INFORMAZIONI [main] org.apache.openejb.assembler.classic.Assembler.createRecipe Creating SecurityService(id=Tomcat Security Service)
27-Oct-2022 15:56:02.496 INFORMAZIONI [main] org.apache.openejb.server.ServiceManager.initServer Creating ServerService(id=cxf)
27-Oct-2022 15:56:02.561 INFORMAZIONI [main] org.apache.openejb.server.ServiceManager.initServer Creating ServerService(id=cxf-rs)
27-Oct-2022 15:56:02.574 INFORMAZIONI [main] org.apache.openejb.server.SimpleServiceManager.start   ** Bound Services **
27-Oct-2022 15:56:02.574 INFORMAZIONI [main] org.apache.openejb.server.SimpleServiceManager.printRow   NAME                 IP              PORT  
27-Oct-2022 15:56:02.574 INFORMAZIONI [main] org.apache.openejb.server.SimpleServiceManager.start -------
27-Oct-2022 15:56:02.574 INFORMAZIONI [main] org.apache.openejb.server.SimpleServiceManager.start Ready!
27-Oct-2022 15:56:02.574 INFORMAZIONI [main] sun.reflect.DelegatingMethodAccessorImpl.invoke Server initialization in [1082] milliseconds
27-Oct-2022 15:56:02.585 INFORMAZIONI [main] org.apache.tomee.catalina.OpenEJBNamingContextListener.bindResource Importing a Tomcat Resource with id 'UserDatabase' of type 'org.apache.catalina.UserDatabase'.
27-Oct-2022 15:56:02.585 INFORMAZIONI [main] org.apache.openejb.assembler.classic.Assembler.createRecipe Creating Resource(id=UserDatabase)
27-Oct-2022 15:56:02.591 INFORMAZIONI [main] sun.reflect.DelegatingMethodAccessorImpl.invoke Starting service [Catalina]
27-Oct-2022 15:56:02.591 INFORMAZIONI [main] sun.reflect.DelegatingMethodAccessorImpl.invoke Starting Servlet engine: [Apache Tomcat/9.0.68]
27-Oct-2022 15:56:02.596 INFORMAZIONI [main] sun.reflect.DelegatingMethodAccessorImpl.invoke Deploying web application directory [C:\Program Files\java\apache-tomee-plume-8.0.13\webapps\docs]
27-Oct-2022 15:56:02.600 INFORMAZIONI [main] org.apache.tomee.catalina.TomcatWebAppBuilder.init ------------------------- localhost -> /docs
27-Oct-2022 15:56:02.684 INFORMAZIONI [main] org.apache.openejb.config.ConfigurationFactory.configureApplication Configuring enterprise application: C:\Program Files\java\apache-tomee-plume-8.0.13\webapps\docs
27-Oct-2022 15:56:02.707 INFORMAZIONI [main] org.apache.openejb.config.AppInfoBuilder.build Enterprise application "C:\Program Files\java\apache-tomee-plume-8.0.13\webapps\docs" loaded.
27-Oct-2022 15:56:02.802 INFORMAZIONI [main] org.apache.openejb.assembler.classic.Assembler.createApplication Assembling app: C:\Program Files\java\apache-tomee-plume-8.0.13\webapps\docs
27-Oct-2022 15:56:02.867 AVVERTENZA [main] org.apache.batchee.container.services.ServicesManager.init You didn't specify org.apache.batchee.jmx.application and JMX is already registered, skipping
27-Oct-2022 15:56:02.867 INFORMAZIONI [main] org.apache.openejb.assembler.classic.Assembler.createApplication Deployed Application(path=C:\Program Files\java\apache-tomee-plume-8.0.13\webapps\docs)
27-Oct-2022 15:56:02.974 INFORMAZIONI [main] org.apache.jasper.servlet.TldScanner.scanJars At least one JAR was scanned for TLDs yet contained no TLDs. Enable debug logging for this logger for a complete list of JARs that were scanned but no TLDs were found in them. Skipping unneeded JARs during scanning can improve startup time and JSP compilation time.
27-Oct-2022 15:56:03.036 INFORMAZIONI [main] sun.reflect.DelegatingMethodAccessorImpl.invoke Deployment of web application directory [C:\Program Files\java\apache-tomee-plume-8.0.13\webapps\docs] has finished in [440] ms
27-Oct-2022 15:56:03.036 INFORMAZIONI [main] sun.reflect.DelegatingMethodAccessorImpl.invoke Deploying web application directory [C:\Program Files\java\apache-tomee-plume-8.0.13\webapps\host-manager]
27-Oct-2022 15:56:03.037 INFORMAZIONI [main] org.apache.tomee.catalina.TomcatWebAppBuilder.init ------------------------- localhost -> /host-manager
27-Oct-2022 15:56:03.066 INFORMAZIONI [main] org.apache.openejb.config.ConfigurationFactory.configureApplication Configuring enterprise application: C:\Program Files\java\apache-tomee-plume-8.0.13\webapps\host-manager
27-Oct-2022 15:56:03.069 INFORMAZIONI [main] org.apache.openejb.config.AppInfoBuilder.build Enterprise application "C:\Program Files\java\apache-tomee-plume-8.0.13\webapps\host-manager" loaded.
27-Oct-2022 15:56:03.069 INFORMAZIONI [main] org.apache.openejb.assembler.classic.Assembler.createApplication Assembling app: C:\Program Files\java\apache-tomee-plume-8.0.13\webapps\host-manager
27-Oct-2022 15:56:03.074 INFORMAZIONI [main] org.apache.tomee.catalina.TomcatWebAppBuilder.deployWebApps using context file C:\Program Files\java\apache-tomee-plume-8.0.13\webapps\host-manager\META-INF\context.xml
27-Oct-2022 15:56:03.074 AVVERTENZA [main] org.apache.batchee.container.services.ServicesManager.init You didn't specify org.apache.batchee.jmx.application and JMX is already registered, skipping
27-Oct-2022 15:56:03.074 INFORMAZIONI [main] org.apache.openejb.assembler.classic.Assembler.createApplication Deployed Application(path=C:\Program Files\java\apache-tomee-plume-8.0.13\webapps\host-manager)
27-Oct-2022 15:56:03.114 INFORMAZIONI [main] org.apache.jasper.servlet.TldScanner.scanJars At least one JAR was scanned for TLDs yet contained no TLDs. Enable debug logging for this logger for a complete list of JARs that were scanned but no TLDs were found in them. Skipping unneeded JARs during scanning can improve startup time and JSP compilation time.
27-Oct-2022 15:56:03.123 INFORMAZIONI [main] sun.reflect.DelegatingMethodAccessorImpl.invoke Deployment of web application directory [C:\Program Files\java\apache-tomee-plume-8.0.13\webapps\host-manager] has finished in [86] ms
27-Oct-2022 15:56:03.123 INFORMAZIONI [main] sun.reflect.DelegatingMethodAccessorImpl.invoke Deploying web application directory [C:\Program Files\java\apache-tomee-plume-8.0.13\webapps\manager]
27-Oct-2022 15:56:03.123 INFORMAZIONI [main] org.apache.tomee.catalina.TomcatWebAppBuilder.init ------------------------- localhost -> /manager
27-Oct-2022 15:56:03.144 INFORMAZIONI [main] org.apache.openejb.config.ConfigurationFactory.configureApplication Configuring enterprise application: C:\Program Files\java\apache-tomee-plume-8.0.13\webapps\manager
27-Oct-2022 15:56:03.148 INFORMAZIONI [main] org.apache.openejb.config.AppInfoBuilder.build Enterprise application "C:\Program Files\java\apache-tomee-plume-8.0.13\webapps\manager" loaded.
27-Oct-2022 15:56:03.148 INFORMAZIONI [main] org.apache.openejb.assembler.classic.Assembler.createApplication Assembling app: C:\Program Files\java\apache-tomee-plume-8.0.13\webapps\manager
27-Oct-2022 15:56:03.153 INFORMAZIONI [main] org.apache.tomee.catalina.TomcatWebAppBuilder.deployWebApps using context file C:\Program Files\java\apache-tomee-plume-8.0.13\webapps\manager\META-INF\context.xml
27-Oct-2022 15:56:03.153 AVVERTENZA [main] org.apache.batchee.container.services.ServicesManager.init You didn't specify org.apache.batchee.jmx.application and JMX is already registered, skipping
27-Oct-2022 15:56:03.153 INFORMAZIONI [main] org.apache.openejb.assembler.classic.Assembler.createApplication Deployed Application(path=C:\Program Files\java\apache-tomee-plume-8.0.13\webapps\manager)
27-Oct-2022 15:56:03.189 INFORMAZIONI [main] org.apache.jasper.servlet.TldScanner.scanJars At least one JAR was scanned for TLDs yet contained no TLDs. Enable debug logging for this logger for a complete list of JARs that were scanned but no TLDs were found in them. Skipping unneeded JARs during scanning can improve startup time and JSP compilation time.
27-Oct-2022 15:56:03.198 INFORMAZIONI [main] sun.reflect.DelegatingMethodAccessorImpl.invoke Deployment of web application directory [C:\Program Files\java\apache-tomee-plume-8.0.13\webapps\manager] has finished in [75] ms
27-Oct-2022 15:56:03.198 INFORMAZIONI [main] sun.reflect.DelegatingMethodAccessorImpl.invoke Deploying web application directory [C:\Program Files\java\apache-tomee-plume-8.0.13\webapps\ROOT]
27-Oct-2022 15:56:03.198 INFORMAZIONI [main] org.apache.tomee.catalina.TomcatWebAppBuilder.init ------------------------- localhost -> /
27-Oct-2022 15:56:03.215 INFORMAZIONI [main] org.apache.openejb.config.ConfigurationFactory.configureApplication Configuring enterprise application: C:\Program Files\java\apache-tomee-plume-8.0.13\webapps\ROOT
27-Oct-2022 15:56:03.217 INFORMAZIONI [main] org.apache.openejb.config.AppInfoBuilder.build Enterprise application "C:\Program Files\java\apache-tomee-plume-8.0.13\webapps\ROOT" loaded.
27-Oct-2022 15:56:03.217 INFORMAZIONI [main] org.apache.openejb.assembler.classic.Assembler.createApplication Assembling app: C:\Program Files\java\apache-tomee-plume-8.0.13\webapps\ROOT
27-Oct-2022 15:56:03.220 AVVERTENZA [main] org.apache.batchee.container.services.ServicesManager.init You didn't specify org.apache.batchee.jmx.application and JMX is already registered, skipping
27-Oct-2022 15:56:03.220 INFORMAZIONI [main] org.apache.openejb.assembler.classic.Assembler.createApplication Deployed Application(path=C:\Program Files\java\apache-tomee-plume-8.0.13\webapps\ROOT)
27-Oct-2022 15:56:03.253 INFORMAZIONI [main] org.apache.jasper.servlet.TldScanner.scanJars At least one JAR was scanned for TLDs yet contained no TLDs. Enable debug logging for this logger for a complete list of JARs that were scanned but no TLDs were found in them. Skipping unneeded JARs during scanning can improve startup time and JSP compilation time.
27-Oct-2022 15:56:03.262 INFORMAZIONI [main] sun.reflect.DelegatingMethodAccessorImpl.invoke Deployment of web application directory [C:\Program Files\java\apache-tomee-plume-8.0.13\webapps\ROOT] has finished in [64] ms
27-Oct-2022 15:56:03.264 INFORMAZIONI [main] sun.reflect.DelegatingMethodAccessorImpl.invoke Starting ProtocolHandler ["http-nio-8080"]
27-Oct-2022 15:56:03.272 INFORMAZIONI [main] sun.reflect.DelegatingMethodAccessorImpl.invoke Server startup in [697] milliseconds
